0 info it worked if it ends with ok
1 verbose cli [ '/usr/local/bin/node', '/usr/local/bin/npm', 'publish' ]
2 info using npm@2.7.4
3 info using node@v0.12.2
4 verbose publish [ '.' ]
5 silly cache add args [ '.', null ]
6 verbose cache add spec .
7 silly cache add parsed spec { raw: '.',
7 silly cache add   scope: null,
7 silly cache add   name: null,
7 silly cache add   rawSpec: '.',
7 silly cache add   spec: '/root/pixiv-api',
7 silly cache add   type: 'directory' }
8 verbose addLocalDirectory /root/.npm/pixiv-api/0.1.0/package.tgz not in flight; packing
9 verbose tar pack [ '/root/.npm/pixiv-api/0.1.0/package.tgz', '/root/pixiv-api' ]
10 verbose tarball /root/.npm/pixiv-api/0.1.0/package.tgz
11 verbose folder /root/pixiv-api
12 info prepublish pixiv-api@0.1.0
13 verbose addLocalTarball adding from inside cache /root/.npm/pixiv-api/0.1.0/package.tgz
14 silly cache afterAdd pixiv-api@0.1.0
15 verbose afterAdd /root/.npm/pixiv-api/0.1.0/package/package.json not in flight; writing
16 verbose afterAdd /root/.npm/pixiv-api/0.1.0/package/package.json written
17 silly publish { name: 'pixiv-api',
17 silly publish   version: '0.1.0',
17 silly publish   description: 'A higher-level wrapper around the Pixiv API.',
17 silly publish   main: 'pixiv.js',
17 silly publish   dependencies: { bluebird: '^3.0.6', request: '^2.67.0' },
17 silly publish   devDependencies:
17 silly publish    { chai: '^3.4.0',
17 silly publish      gulp: '^3.9.0',
17 silly publish      'gulp-jshint': '^1.11.2',
17 silly publish      'gulp-mocha': '^2.2.0',
17 silly publish      jshint: '^2.5.8',
17 silly publish      mocha: '^2.3.3' },
17 silly publish   author: { name: 'sairoutine' },
17 silly publish   scripts: { test: 'gulp test && gulp lint', lint: 'gulp lint' },
17 silly publish   repository:
17 silly publish    { type: 'git',
17 silly publish      url: 'git://github.com/sairoutine/pixiv-api.git' },
17 silly publish   keywords: [ 'pixiv', 'api' ],
17 silly publish   license: 'MIT',
17 silly publish   readmeFilename: 'README.md',
17 silly publish   readme: '# pixiv-api.js\n[![Build Status](https://travis-ci.org/sairoutine/pixiv-api.svg?branch=master)](https://travis-ci.org/sairoutine/pixiv-api)\n\nPixiv API for Node.js (with Authentication supported)\n\n# install\n```\nnpm install pixiv-api\n```\n\n\n# Login\n\nMake PixivAPI instance.\n```\nvar pixiv = new Pixiv();\n```\n\nYou must login to use pixiv api.\n```\npixiv.login({\n\tusername: \'your account username\',\n\tpassword: \'your account password\',\n})\n```\n\npixiv-api method returns **Promise** object.\nIf you don\'t know **Promise**, see [here](https://developer.mozilla.org/en-US/docs/Web/JavaScript/Reference/Global_Objects/Promise).\n\n# Work API\n\n```\nvar Pixiv = require(\'pixiv-api\');\n\nvar pixiv = new Pixiv();\n\nvar work_id = 35772360;\n\npixiv.login({\n\tusername: \'your account username\',\n\tpassword: \'your account password\',\n})\n.then(function() {\n\treturn pixiv.work(work_id);\n})\n.then(function(data) {\n\tconsole.log(data);\n});\n```\n\nExample return data.\n```\n{ status: \'success\',\n  response:\n   [ { id: 35772360,\n       title: \'木漏れ日の中で\',\n       caption: \'先日、ニコ生で配信した物を仕上げました。\\r\\nhttp://com.nicovideo.jp/community/co2038400\',\n       tags: [Object],\n       tools: [Object],\n       image_urls: [Object],\n       width: 1300,\n       height: 920,\n       stats: null,\n       publicity: 0,\n       age_limit: \'all-age\',\n       created_time: \'2013-05-18 18:58:38\',\n       reuploaded_time: \'2013-05-18 18:58:38\',\n       user: [Object],\n       is_manga: false,\n       is_liked: false,\n       favorite_id: 0,\n       page_count: 1,\n       book_style: \'none\',\n       type: \'illustration\',\n       metadata: null,\n       content_type: null } ],\n  count: 1 }\n```\n\n# Search API\n```\nvar Pixiv = require(\'./pixiv\');\n\nvar pixiv = new Pixiv();\n\npixiv.login({\n\tusername: \'your account username\',\n\tpassword: \'your account password\',\n})\n.then(function() {\n\treturn pixiv.search({\n\t\tq: \'東方Project\',\n\t\tpage: 1,\n\t\tper_page: 3,\n\t\tmode: \'tag\',\n\t\tperiod: \'all\',\n\t\torder: \'desc\',\n\t\tsort: \'date\',\n\t\ttypes: \'illustration,manga\',\n\t});\n})\n.then(function(data) {\n\tconsole.log(data);\n});\n\n\n```\n\nExample return data.\n```\n{ status: \'success\',\n  response:\n   [ { id: 54881566,\n       title: \'妹紅さん描いてみた\',\n       caption: \'妹紅さんかっこいいですよね＾p＾\',\n       tags: [Object],\n       tools: [Object],\n       image_urls: [Object],\n       width: 450,\n       height: 600,\n       stats: null,\n       publicity: 0,\n       age_limit: \'all-age\',\n       created_time: \'2016-01-24 13:58:16\',\n       reuploaded_time: \'2016-01-24 13:58:16\',\n       user: [Object],\n       is_manga: false,\n       is_liked: false,\n       favorite_id: 0,\n       page_count: 1,\n       book_style: \'none\',\n       type: \'illustration\',\n       metadata: null,\n       content_type: null } ],\n  count: 1,\n  pagination:\n   { previous: null,\n     next: 2,\n     current: 1,\n     per_page: 1,\n     total: 171526,\n     pages: 20000 } }\n```\n\n# User API\n\n```\nvar Pixiv = require(\'./pixiv-api\');\n\nvar pixiv = new Pixiv();\n\nvar user_id = 12296581;\n\npixiv.login({\n\tusername: \'your account username\',\n\tpassword: \'your account password\',\n})\n.then(function() {\n\treturn pixiv.user(user_id);\n})\n.then(function(data) {\n\tconsole.log(data);\n});\n```\n\nExample return data.\n```\n{ status: \'success\',\n  response:\n   [ { id: 12296581,\n       account: \'shinonon_n\',\n       name: \'シノバ\',\n       is_following: false,\n       is_follower: null,\n       is_friend: null,\n       is_premium: false,\n       profile_image_urls: [Object],\n       stats: null,\n       profile: null } ],\n  count: 1 }\n```\n',
17 silly publish   gitHead: '9afe641d098266d04429bc458ff92c173582163a',
17 silly publish   bugs: { url: 'https://github.com/sairoutine/pixiv-api/issues' },
17 silly publish   homepage: 'https://github.com/sairoutine/pixiv-api',
17 silly publish   _id: 'pixiv-api@0.1.0',
17 silly publish   _shasum: 'cb476ab67c9b6539f81d76a360032b44ac497835',
17 silly publish   _from: '.' }
18 silly mapToRegistry name pixiv-api
19 silly mapToRegistry using default registry
20 silly mapToRegistry registry https://registry.npmjs.org/
21 silly mapToRegistry uri https://registry.npmjs.org/pixiv-api
22 verbose publish registryBase https://registry.npmjs.org/
23 silly publish uploading /root/.npm/pixiv-api/0.1.0/package.tgz
24 verbose request uri https://registry.npmjs.org/pixiv-api
25 verbose request sending authorization for write operation
26 info attempt registry request try #1 at 14:37:19
27 verbose request using bearer token for auth
28 verbose request id 30b9b93c53677856
29 http request PUT https://registry.npmjs.org/pixiv-api
30 http 403 https://registry.npmjs.org/pixiv-api
31 verbose headers { 'content-type': 'application/json',
31 verbose headers   'cache-control': 'max-age=300',
31 verbose headers   'content-length': '101',
31 verbose headers   'accept-ranges': 'bytes',
31 verbose headers   date: 'Sun, 24 Jan 2016 05:37:20 GMT',
31 verbose headers   via: '1.1 varnish',
31 verbose headers   connection: 'keep-alive',
31 verbose headers   'x-served-by': 'cache-nrt6127-NRT',
31 verbose headers   'x-cache': 'MISS',
31 verbose headers   'x-cache-hits': '0',
31 verbose headers   'x-timer': 'S1453613840.052452,VS0,VE515' }
32 verbose request invalidating /root/.npm/registry.npmjs.org/pixiv-api on PUT
33 error publish Failed PUT 403
34 verbose stack Error: You do not have permission to publish 'pixiv-api'. Are you logged in as the correct user? : pixiv-api
34 verbose stack     at CachingRegistryClient.<anonymous> (/usr/local/lib/node_modules/npm/node_modules/npm-registry-client/lib/request.js:247:14)
34 verbose stack     at Request._callback (/usr/local/lib/node_modules/npm/node_modules/npm-registry-client/lib/request.js:170:14)
34 verbose stack     at Request.self.callback (/usr/local/lib/node_modules/npm/node_modules/request/request.js:344:22)
34 verbose stack     at Request.emit (events.js:110:17)
34 verbose stack     at Request.<anonymous> (/usr/local/lib/node_modules/npm/node_modules/request/request.js:1239:14)
34 verbose stack     at Request.emit (events.js:129:20)
34 verbose stack     at IncomingMessage.<anonymous> (/usr/local/lib/node_modules/npm/node_modules/request/request.js:1187:12)
34 verbose stack     at IncomingMessage.emit (events.js:129:20)
34 verbose stack     at _stream_readable.js:908:16
34 verbose stack     at process._tickCallback (node.js:355:11)
35 verbose statusCode 403
36 verbose pkgid pixiv-api
37 verbose cwd /root/pixiv-api
38 error Linux 2.6.32-431.23.3.el6.x86_64
39 error argv "/usr/local/bin/node" "/usr/local/bin/npm" "publish"
40 error node v0.12.2
41 error npm  v2.7.4
42 error code E403
43 error You do not have permission to publish 'pixiv-api'. Are you logged in as the correct user? : pixiv-api
44 error If you need help, you may report this error at:
44 error     <https://github.com/npm/npm/issues>
45 verbose exit [ 1, true ]
